<?xml version="1.0" encoding="UTF-8"?>
<!-- Generated by org.testng.reporters.JUnitXMLReporter -->
<testsuite ignored="0" hostname="Fariss-MacBook-Pro.local" failures="0" tests="2" name="Error Validations Test" time="10.854" errors="0" timestamp="2023-01-18T16:29:38 CET">
  <testcase classname="fariskanburacademy.test.ErrorValidationsTest" name="LoginErrorValidation" time="0.894"/>
  <testcase classname="fariskanburacademy.test.ErrorValidationsTest" name="ProductErrorValidation" time="2.196"/>
</testsuite> <!-- Error Validations Test -->
