<?xml version="1.0" encoding="UTF-8"?>
<!-- Generated by org.testng.reporters.JUnitXMLReporter -->
<testsuite ignored="0" hostname="Fariss-MacBook-Pro.local" failures="0" tests="3" name="Stand Alone Test" time="16.89" errors="0" timestamp="2023-01-18T16:29:43 CET">
  <testcase classname="fariskanburacademy.test.StandAloneTest" name="standAloneTest" time="2.962"/>
  <testcase classname="fariskanburacademy.test.StandAloneTest" name="standAloneTest" time="3.032"/>
  <testcase classname="fariskanburacademy.test.StandAloneTest" name="OrderHistoryTest" time="0.551"/>
</testsuite> <!-- Stand Alone Test -->
