<?xml version="1.0" encoding="UTF-8"?>
<testng-results ignored="0" total="5" passed="5" failed="0" skipped="0">
  <reporter-output>
  </reporter-output>
  <suite started-at="2023-01-18T16:29:27 CET" name="Suite" finished-at="2023-01-18T16:29:43 CET" duration-ms="16890">
    <groups>
      <group name="Purchase">
        <method signature="StandAloneTest.standAloneTest(java.util.HashMap)[pri:0, instance:fariskanburacademy.test.StandAloneTest@76a4ebf2]" name="standAloneTest" class="fariskanburacademy.test.StandAloneTest"/>
      </group> <!-- Purchase -->
      <group name="ErrorHandling">
        <method signature="ErrorValidationsTest.LoginErrorValidation()[pri:0, instance:fariskanburacademy.test.ErrorValidationsTest@49049a04]" name="LoginErrorValidation" class="fariskanburacademy.test.ErrorValidationsTest"/>
      </group> <!-- ErrorHandling -->
    </groups>
    <test started-at="2023-01-18T16:29:27 CET" name="Error Validations Test" finished-at="2023-01-18T16:29:37 CET" duration-ms="10854">
      <class name="fariskanburacademy.test.ErrorValidationsTest">
        <test-method is-config="true" signature="launchApplication()[pri:0, instance:fariskanburacademy.test.ErrorValidationsTest@49049a04]" started-at="2023-01-18T16:29:27 CET" name="launchApplication" finished-at="2023-01-18T16:29:31 CET" duration-ms="4372" status="PASS">
          <reporter-output>
          </reporter-output>
        </test-method> <!-- launchApplication -->
        <test-method signature="LoginErrorValidation()[pri:0, instance:fariskanburacademy.test.ErrorValidationsTest@49049a04]" started-at="2023-01-18T16:29:31 CET" name="LoginErrorValidation" finished-at="2023-01-18T16:29:32 CET" duration-ms="894" status="PASS">
          <reporter-output>
          </reporter-output>
        </test-method> <!-- LoginErrorValidation -->
        <test-method is-config="true" signature="tearDown()[pri:0, instance:fariskanburacademy.test.ErrorValidationsTest@49049a04]" started-at="2023-01-18T16:29:32 CET" name="tearDown" finished-at="2023-01-18T16:29:32 CET" duration-ms="105" status="PASS">
          <reporter-output>
          </reporter-output>
        </test-method> <!-- tearDown -->
        <test-method is-config="true" signature="launchApplication()[pri:0, instance:fariskanburacademy.test.ErrorValidationsTest@49049a04]" started-at="2023-01-18T16:29:32 CET" name="launchApplication" finished-at="2023-01-18T16:29:35 CET" duration-ms="3169" status="PASS">
          <reporter-output>
          </reporter-output>
        </test-method> <!-- launchApplication -->
        <test-method signature="ProductErrorValidation()[pri:0, instance:fariskanburacademy.test.ErrorValidationsTest@49049a04]" started-at="2023-01-18T16:29:35 CET" name="ProductErrorValidation" finished-at="2023-01-18T16:29:37 CET" duration-ms="2196" status="PASS">
          <reporter-output>
          </reporter-output>
        </test-method> <!-- ProductErrorValidation -->
        <test-method is-config="true" signature="tearDown()[pri:0, instance:fariskanburacademy.test.ErrorValidationsTest@49049a04]" started-at="2023-01-18T16:29:37 CET" name="tearDown" finished-at="2023-01-18T16:29:37 CET" duration-ms="104" status="PASS">
          <reporter-output>
          </reporter-output>
        </test-method> <!-- tearDown -->
      </class> <!-- fariskanburacademy.test.ErrorValidationsTest -->
    </test> <!-- Error Validations Test -->
    <test started-at="2023-01-18T16:29:27 CET" name="Stand Alone Test" finished-at="2023-01-18T16:29:43 CET" duration-ms="16890">
      <class name="fariskanburacademy.test.StandAloneTest">
        <test-method is-config="true" signature="launchApplication()[pri:0, instance:fariskanburacademy.test.StandAloneTest@76a4ebf2]" started-at="2023-01-18T16:29:27 CET" name="launchApplication" finished-at="2023-01-18T16:29:31 CET" duration-ms="4041" status="PASS">
          <reporter-output>
          </reporter-output>
        </test-method> <!-- launchApplication -->
        <test-method signature="standAloneTest(java.util.HashMap)[pri:0, instance:fariskanburacademy.test.StandAloneTest@76a4ebf2]" started-at="2023-01-18T16:29:31 CET" name="standAloneTest" data-provider="getData" finished-at="2023-01-18T16:29:34 CET" duration-ms="2962" status="PASS">
          <params>
            <param index="0">
              <value>
                <![CDATA[{password=Faris5016??, product=ZARA COAT 3, email=faris38kanbur@gmail.com}]]>
              </value>
            </param>
          </params>
          <reporter-output>
          </reporter-output>
        </test-method> <!-- standAloneTest -->
        <test-method is-config="true" signature="tearDown()[pri:0, instance:fariskanburacademy.test.StandAloneTest@76a4ebf2]" started-at="2023-01-18T16:29:34 CET" name="tearDown" finished-at="2023-01-18T16:29:34 CET" duration-ms="113" status="PASS">
          <reporter-output>
          </reporter-output>
        </test-method> <!-- tearDown -->
        <test-method is-config="true" signature="launchApplication()[pri:0, instance:fariskanburacademy.test.StandAloneTest@76a4ebf2]" started-at="2023-01-18T16:29:34 CET" name="launchApplication" finished-at="2023-01-18T16:29:37 CET" duration-ms="2807" status="PASS">
          <reporter-output>
          </reporter-output>
        </test-method> <!-- launchApplication -->
        <test-method signature="standAloneTest(java.util.HashMap)[pri:0, instance:fariskanburacademy.test.StandAloneTest@76a4ebf2]" started-at="2023-01-18T16:29:37 CET" name="standAloneTest" data-provider="getData" finished-at="2023-01-18T16:29:40 CET" duration-ms="3032" status="PASS">
          <params>
            <param index="0">
              <value>
                <![CDATA[{password=Faris5016??, product=ADIDAS ORIGINAL, email=faris35kanbur@gmail.com}]]>
              </value>
            </param>
          </params>
          <reporter-output>
          </reporter-output>
        </test-method> <!-- standAloneTest -->
        <test-method is-config="true" signature="tearDown()[pri:0, instance:fariskanburacademy.test.StandAloneTest@76a4ebf2]" started-at="2023-01-18T16:29:40 CET" name="tearDown" finished-at="2023-01-18T16:29:40 CET" duration-ms="67" status="PASS">
          <reporter-output>
          </reporter-output>
        </test-method> <!-- tearDown -->
        <test-method is-config="true" signature="launchApplication()[pri:0, instance:fariskanburacademy.test.StandAloneTest@76a4ebf2]" started-at="2023-01-18T16:29:40 CET" name="launchApplication" finished-at="2023-01-18T16:29:43 CET" duration-ms="3171" status="PASS">
          <reporter-output>
          </reporter-output>
        </test-method> <!-- launchApplication -->
        <test-method signature="OrderHistoryTest()[pri:0, instance:fariskanburacademy.test.StandAloneTest@76a4ebf2]" started-at="2023-01-18T16:29:43 CET" name="OrderHistoryTest" finished-at="2023-01-18T16:29:43 CET" depends-on-methods="fariskanburacademy.test.StandAloneTest.standAloneTest" duration-ms="551" status="PASS">
          <reporter-output>
          </reporter-output>
        </test-method> <!-- OrderHistoryTest -->
        <test-method is-config="true" signature="tearDown()[pri:0, instance:fariskanburacademy.test.StandAloneTest@76a4ebf2]" started-at="2023-01-18T16:29:43 CET" name="tearDown" finished-at="2023-01-18T16:29:43 CET" duration-ms="59" status="PASS">
          <reporter-output>
          </reporter-output>
        </test-method> <!-- tearDown -->
      </class> <!-- fariskanburacademy.test.StandAloneTest -->
    </test> <!-- Stand Alone Test -->
  </suite> <!-- Suite -->
</testng-results>
