<?xml version="1.0" encoding="UTF-8"?>
<testsuite xmlns:xsi="http://www.w3.org/2001/XMLSchema-instance" xsi:noNamespaceSchemaLocation="https://maven.apache.org/surefire/maven-surefire-plugin/xsd/surefire-test-report-3.0.xsd" version="3.0" name="TestSuite" time="17.149" tests="5" errors="0" skipped="0" failures="0">
  <properties>
[...]
</properties>
  <testcase name="LoginErrorValidation" classname="fariskanburacademy.test.ErrorValidationsTest" time="0.897">
    <system-err><![CDATA[SLF4J: Failed to load class "org.slf4j.impl.StaticLoggerBinder".
SLF4J: Defaulting to no-operation (NOP) logger implementation
SLF4J: See http://www.slf4j.org/codes.html#StaticLoggerBinder for further details.
SSttaarrttiinngg  CChhrroomeDriver 1m09.e0.D5r41i4ver 109..07.45 4(1e47.c7547 0(3e670c45d7a0a396cc0142d8acac9fc5ca1258dc3cef959a355d133e795983951133-7r5e8f9s1/3b-rraenfcsh/-bhreaandcsh/-5h4e1a4d@s{/#51411742@}{)# 1o1n7 2p}o)r to n por3t1 5246205
3O
nOlny lloyc allo caclo ncnoencnteicotniso nasr eare all oawleldo.w
ePdl.e
aPslee assee see https:e//chro medrhivetr.cthrompium.sorg/:secu/rity-/ccohromnedriver.cshirdoemriatiounms. ofrogr /ssecuugrgietsyt-iconsioderatniso nosn  fkeoerp isnugg gCehsrtomeiDornis vone kree psianfge .C
hromeDriver safe.
CChhrroommeeDDrriivveerr  wwaass  ssttaarted successfrultleyd. 
successfully.
Jan 18, 2023 4:29:28 PM org.openqa.selenium.devtools.CdpVersionFinder findNearestMatch
WARNING: Unable to find an exact match for CDP version 109, so returning the closest version found: 108
Jan 18, 2023 4:29:28 PM org.openqa.selenium.devtools.CdpVersionFinder findNearestMatch
WARNING: Unable to find an exact match for CDP version 109, so returning the closest version found: 108
]]></system-err>
  </testcase>
  <testcase name="ProductErrorValidation" classname="fariskanburacademy.test.ErrorValidationsTest" time="0.742">
    <system-err><![CDATA[Starting ChromeDriver 109.0.5414.74 (e7c5703604daa9cc128ccf5a5d3e993513758913-refs/branch-heads/5414@{#1172}) on port 9210
Only local connections are allowed.
Please see https://chromedriver.chromium.org/security-considerations for suggestions on keeping ChromeDriver safe.
ChromeDriver was started successfully.
Jan 18, 2023 4:29:35 PM org.openqa.selenium.devtools.CdpVersionFinder findNearestMatch
WARNING: Unable to find an exact match for CDP version 109, so returning the closest version found: 108
]]></system-err>
  </testcase>
  <testcase name="standAloneTest[{password=Faris5016??, product=ZARA COAT 3, email=faris38kanbur@gmail.com}](1)" classname="fariskanburacademy.test.StandAloneTest" time="2.703">
    <system-err><![CDATA[Starting ChromeDriver 109.0.5414.74 (e7c5703604daa9cc128ccf5a5d3e993513758913-refs/branch-heads/5414@{#1172}) on port 5432
Only local connections are allowed.
Please see https://chromedriver.chromium.org/security-considerations for suggestions on keeping ChromeDriver safe.
ChromeDriver was started successfully.
Jan 18, 2023 4:29:33 PM org.openqa.selenium.devtools.CdpVersionFinder findNearestMatch
WARNING: Unable to find an exact match for CDP version 109, so returning the closest version found: 108
]]></system-err>
  </testcase>
  <testcase name="standAloneTest[{password=Faris5016??, product=ADIDAS ORIGINAL, email=faris35kanbur@gmail.com}](2)" classname="fariskanburacademy.test.StandAloneTest" time="3.032"/>
  <testcase name="OrderHistoryTest" classname="fariskanburacademy.test.StandAloneTest" time="0.552">
    <system-err><![CDATA[Starting ChromeDriver 109.0.5414.74 (e7c5703604daa9cc128ccf5a5d3e993513758913-refs/branch-heads/5414@{#1172}) on port 22044
Only local connections are allowed.
Please see https://chromedriver.chromium.org/security-considerations for suggestions on keeping ChromeDriver safe.
ChromeDriver was started successfully.
Jan 18, 2023 4:29:40 PM org.openqa.selenium.devtools.CdpVersionFinder findNearestMatch
WARNING: Unable to find an exact match for CDP version 109, so returning the closest version found: 108
]]></system-err>
  </testcase>
</testsuite>